Building DAG of jobs...
Using shell: /usr/bin/bash
Provided cluster nodes: 100
Job counts:
	count	jobs
	1	BWA
	1	FastqDump
	1	SliceBam
	1	Trimmomatic
	1	all
	5
Select jobs to execute...

[Wed May 11 09:05:22 2022]
rule FastqDump:
    output: results/SRR1533219_1.fastq.gz, results/SRR1533219_2.fastq.gz
    jobid: 3
    wildcards: sra_id=SRR1533219

Submitted job 3 with external jobid 'Submitted batch job 24574331'.
[Wed May 11 11:19:38 2022]
Finished job 3.
1 of 5 steps (20%) done
Select jobs to execute...

[Wed May 11 11:19:38 2022]
rule Trimmomatic:
    input: results/SRR1533219_1.fastq.gz, results/SRR1533219_2.fastq.gz
    output: results/Trimmomatic_SRR1533219_1_paired.fastq.gz, results/Trimmomatic_SRR1533219_1_unpaired.fastq.gz, results/Trimmomatic_SRR1533219_2_paired.fastq.gz, results/Trimmomatic_SRR1533219_2_unpaired.fastq.gz
    jobid: 2
    wildcards: sra_id=SRR1533219

Submitted job 2 with external jobid 'Submitted batch job 24576834'.
Removing temporary output file results/SRR1533219_1.fastq.gz.
Removing temporary output file results/SRR1533219_2.fastq.gz.
Removing temporary output file results/Trimmomatic_SRR1533219_1_unpaired.fastq.gz.
Removing temporary output file results/Trimmomatic_SRR1533219_2_unpaired.fastq.gz.
[Wed May 11 12:24:43 2022]
Finished job 2.
2 of 5 steps (40%) done
Select jobs to execute...

[Wed May 11 12:24:43 2022]
rule BWA:
    input: results/Trimmomatic_SRR1533219_1_paired.fastq.gz, results/Trimmomatic_SRR1533219_2_paired.fastq.gz, resources/Gmax_275_v2.0.fa
    output: results/BWA_SRR1533219.bam
    jobid: 1
    wildcards: sra_id=SRR1533219
    resources: threads=12

Submitted job 1 with external jobid 'Submitted batch job 24577579'.
Removing temporary output file results/Trimmomatic_SRR1533219_1_paired.fastq.gz.
Removing temporary output file results/Trimmomatic_SRR1533219_2_paired.fastq.gz.
[Wed May 11 16:10:36 2022]
Finished job 1.
3 of 5 steps (60%) done
Select jobs to execute...

[Wed May 11 16:10:36 2022]
rule SliceBam:
    input: results/BWA_SRR1533219.bam
    output: results/SliceBam_You_Pi_Zhi_Hei_Dou_SNAP02.bam
    jobid: 4
    wildcards: acc_id=You_Pi_Zhi_Hei_Dou, gene=SNAP02

Submitted job 4 with external jobid 'Submitted batch job 24577733'.
[Wed May 11 16:10:56 2022]
Finished job 4.
4 of 5 steps (80%) done
Select jobs to execute...

[Wed May 11 16:10:56 2022]
localrule all:
    input: results/BWA_SRR1533219.bam, results/SliceBam_You_Pi_Zhi_Hei_Dou_SNAP02.bam
    jobid: 0

Removing temporary output file results/BWA_SRR1533219.bam.
[Wed May 11 16:10:56 2022]
Finished job 0.
5 of 5 steps (100%) done
Complete log: /storage/hpc/group/bilyeu/nad7wf/read_preprocessing/.snakemake/log/2022-05-11T090521.928838.snakemake.log
