Building DAG of jobs...
Using shell: /usr/bin/bash
Provided cluster nodes: 100
Job counts:
	count	jobs
	1	Trimmomatic
	1	all
	2
Select jobs to execute...

[Wed Jan 19 16:43:54 2022]
rule Trimmomatic:
    input: results/SRR2163296_1.fastq.gz, results/SRR2163296_2.fastq.gz
    output: results/Trimmomatic_SRR2163296_1_paired.fastq.gz, results/Trimmomatic_SRR2163296_1_unpaired.fastq.gz, results/Trimmomatic_SRR2163296_2_paired.fastq.gz, results/Trimmomatic_SRR2163296_2_unpaired.fastq.gz
    jobid: 4
    wildcards: sra_id=SRR2163296

Submitted job 4 with external jobid 'Submitted batch job 24083070'.
[Wed Jan 19 16:44:49 2022]
Finished job 4.
1 of 2 steps (50%) done
Select jobs to execute...

[Wed Jan 19 16:44:49 2022]
localrule all:
    input: results/SRR2163296_1.fastq.gz, results/SRR2163296_2.fastq.gz, results/fastqc/SRR2163296_1_fastqc.html, results/fastqc/SRR2163296_2_fastqc.html, results/Trimmomatic_SRR2163296_1_paired.fastq.gz, results/Trimmomatic_SRR2163296_1_unpaired.fastq.gz, results/Trimmomatic_SRR2163296_2_paired.fastq.gz, results/Trimmomatic_SRR2163296_2_unpaired.fastq.gz
    jobid: 0

[Wed Jan 19 16:44:49 2022]
Finished job 0.
2 of 2 steps (100%) done
Complete log: /storage/hpc/group/bilyeu/nad7wf/read_preprocessing/.snakemake/log/2022-01-19T164354.443162.snakemake.log
