Building DAG of jobs...
Using shell: /usr/bin/bash
Provided cluster nodes: 100
Job counts:
	count	jobs
	1	BWA
	1	FastqDump
	1	SliceBam
	1	Trimmomatic
	1	all
	5
Select jobs to execute...

[Thu May 12 09:54:07 2022]
rule FastqDump:
    output: results/SRR1533269_1.fastq.gz, results/SRR1533269_2.fastq.gz
    jobid: 3
    wildcards: sra_id=SRR1533269

Submitted job 3 with external jobid 'Submitted batch job 24580193'.
[Thu May 12 12:39:33 2022]
Finished job 3.
1 of 5 steps (20%) done
Select jobs to execute...

[Thu May 12 12:39:33 2022]
rule Trimmomatic:
    input: results/SRR1533269_1.fastq.gz, results/SRR1533269_2.fastq.gz
    output: results/Trimmomatic_SRR1533269_1_paired.fastq.gz, results/Trimmomatic_SRR1533269_1_unpaired.fastq.gz, results/Trimmomatic_SRR1533269_2_paired.fastq.gz, results/Trimmomatic_SRR1533269_2_unpaired.fastq.gz
    jobid: 2
    wildcards: sra_id=SRR1533269

Submitted job 2 with external jobid 'Submitted batch job 24580669'.
Removing temporary output file results/SRR1533269_1.fastq.gz.
Removing temporary output file results/SRR1533269_2.fastq.gz.
Removing temporary output file results/Trimmomatic_SRR1533269_1_unpaired.fastq.gz.
Removing temporary output file results/Trimmomatic_SRR1533269_2_unpaired.fastq.gz.
[Thu May 12 14:01:19 2022]
Finished job 2.
2 of 5 steps (40%) done
Select jobs to execute...

[Thu May 12 14:01:19 2022]
rule BWA:
    input: results/Trimmomatic_SRR1533269_1_paired.fastq.gz, results/Trimmomatic_SRR1533269_2_paired.fastq.gz, resources/Gmax_275_v2.0.fa
    output: results/BWA_SRR1533269.bam, results/BWA_SRR1533269.bam.bai
    jobid: 1
    wildcards: sra_id=SRR1533269
    resources: threads=12

Submitted job 1 with external jobid 'Submitted batch job 24580707'.
Removing temporary output file results/Trimmomatic_SRR1533269_2_paired.fastq.gz.
Removing temporary output file results/Trimmomatic_SRR1533269_1_paired.fastq.gz.
Removing temporary output file results/BWA_SRR1533269.bam.bai.
[Thu May 12 16:20:38 2022]
Finished job 1.
3 of 5 steps (60%) done
Select jobs to execute...

[Thu May 12 16:20:38 2022]
rule SliceBam:
    input: results/BWA_SRR1533269.bam
    output: results/SliceBam_PI153262_SNAP02.bam
    jobid: 4
    wildcards: acc_id=PI153262, gene=SNAP02

Submitted job 4 with external jobid 'Submitted batch job 24580879'.
[Thu May 12 16:20:48 2022]
Error in rule SliceBam:
    jobid: 4
    output: results/SliceBam_PI153262_SNAP02.bam
    conda-env: /storage/hpc/group/bilyeu/nad7wf/read_preprocessing/.snakemake/conda/47c08e27
    shell:
        

		### Slice BAM file to only include selected region. ###
		samtools view results/BWA_SRR1533269.bam Chr02:44694000-44700000 -O bam,level=9 > results/SliceBam_PI153262_SNAP02.bam

		### Index BAM file. ###
		samtools index -b results/SliceBam_PI153262_SNAP02.bam

		
        (one of the commands exited with non-zero exit code; note that snakemake uses bash strict mode!)
    cluster_jobid: Submitted batch job 24580879

Error executing rule SliceBam on cluster (jobid: 4, external: Submitted batch job 24580879, jobscript: /storage/hpc/group/bilyeu/nad7wf/read_preprocessing/.snakemake/tmp.xh0fwj9q/snakejob.SliceBam.4.sh). For error details see the cluster log and the log files of the involved rule(s).
Shutting down, this might take some time.
Exiting because a job execution failed. Look above for error message
Complete log: /storage/hpc/group/bilyeu/nad7wf/read_preprocessing/.snakemake/log/2022-05-12T095405.847271.snakemake.log
