Building DAG of jobs...
Using shell: /usr/bin/bash
Provided cluster nodes: 100
Job counts:
	count	jobs
	1	BWA
	1	all
	2
Select jobs to execute...

[Mon Jan 24 16:19:58 2022]
rule BWA:
    input: results/Trimmomatic_SRR2163296_1_paired.fastq.gz, results/Trimmomatic_SRR2163296_2_paired.fastq.gz
    output: results/BWA_SRR2163296.bam
    jobid: 5
    wildcards: sra_id=SRR2163296
    resources: ref=resources/Gmax_275_v2.0.fa

Submitted job 5 with external jobid 'Submitted batch job 24099897'.
[Mon Jan 24 16:25:18 2022]
Error in rule BWA:
    jobid: 5
    output: results/BWA_SRR2163296.bam
    conda-env: /storage/hpc/group/bilyeu/nad7wf/read_preprocessing/.snakemake/conda/bea3a2aa
    shell:
        
		bwa mem 			resources/Gmax_275_v2.0.fa 			results/Trimmomatic_SRR2163296_1_paired.fastq.gz results/Trimmomatic_SRR2163296_2_paired.fastq.gz | 			samtools fixmate -u -m - - | 			samtools sort -T results/tmp/ - | \ 
			samtools markdup - | 			samtools view > results/BWA_SRR2163296.bam
		
        (one of the commands exited with non-zero exit code; note that snakemake uses bash strict mode!)
    cluster_jobid: Submitted batch job 24099897

Error executing rule BWA on cluster (jobid: 5, external: Submitted batch job 24099897, jobscript: /storage/hpc/group/bilyeu/nad7wf/read_preprocessing/.snakemake/tmp.wl9an_hs/snakejob.BWA.5.sh). For error details see the cluster log and the log files of the involved rule(s).
Shutting down, this might take some time.
Exiting because a job execution failed. Look above for error message
Complete log: /storage/hpc/group/bilyeu/nad7wf/read_preprocessing/.snakemake/log/2022-01-24T161957.904190.snakemake.log
