Building DAG of jobs...
Using shell: /usr/bin/bash
Provided cluster nodes: 100
Job counts:
	count	jobs
	3	BWA
	4	FastQC
	2	Trimmomatic
	1	all
	10
Select jobs to execute...

[Wed Feb  9 02:02:26 2022]
rule FastQC:
    input: results/SRR5479980_2.fastq.gz
    output: results/fastqc/SRR5479980_2_fastqc.html
    jobid: 13
    wildcards: sra_id=SRR5479980, split_id=2

Submitted job 13 with external jobid 'Submitted batch job 24166019'.

[Wed Feb  9 02:02:28 2022]
rule FastQC:
    input: results/SRR5480119_2.fastq.gz
    output: results/fastqc/SRR5480119_2_fastqc.html
    jobid: 15
    wildcards: sra_id=SRR5480119, split_id=2

Submitted job 15 with external jobid 'Submitted batch job 24166020'.

[Wed Feb  9 02:02:28 2022]
rule Trimmomatic:
    input: results/SRR5479980_1.fastq.gz, results/SRR5479980_2.fastq.gz
    output: results/Trimmomatic_SRR5479980_1_paired.fastq.gz, results/Trimmomatic_SRR5479980_1_unpaired.fastq.gz, results/Trimmomatic_SRR5479980_2_paired.fastq.gz, results/Trimmomatic_SRR5479980_2_unpaired.fastq.gz
    jobid: 19
    wildcards: sra_id=SRR5479980

Submitted job 19 with external jobid 'Submitted batch job 24166021'.

[Wed Feb  9 02:02:29 2022]
rule BWA:
    input: results/Trimmomatic_SRR2163311_1_paired.fastq.gz, results/Trimmomatic_SRR2163311_2_paired.fastq.gz, resources/Gmax_275_v2.0.fa
    output: results/BWA_SRR2163311.bam
    jobid: 23
    wildcards: sra_id=SRR2163311
    resources: threads=12

Submitted job 23 with external jobid 'Submitted batch job 24166022'.

[Wed Feb  9 02:02:29 2022]
rule FastQC:
    input: results/SRR5479980_1.fastq.gz
    output: results/fastqc/SRR5479980_1_fastqc.html
    jobid: 12
    wildcards: sra_id=SRR5479980, split_id=1

Submitted job 12 with external jobid 'Submitted batch job 24166023'.

[Wed Feb  9 02:02:29 2022]
rule FastQC:
    input: results/SRR5480119_1.fastq.gz
    output: results/fastqc/SRR5480119_1_fastqc.html
    jobid: 14
    wildcards: sra_id=SRR5480119, split_id=1

Submitted job 14 with external jobid 'Submitted batch job 24166024'.

[Wed Feb  9 02:02:29 2022]
rule Trimmomatic:
    input: results/SRR5480119_1.fastq.gz, results/SRR5480119_2.fastq.gz
    output: results/Trimmomatic_SRR5480119_1_paired.fastq.gz, results/Trimmomatic_SRR5480119_1_unpaired.fastq.gz, results/Trimmomatic_SRR5480119_2_paired.fastq.gz, results/Trimmomatic_SRR5480119_2_unpaired.fastq.gz
    jobid: 20
    wildcards: sra_id=SRR5480119

Submitted job 20 with external jobid 'Submitted batch job 24166025'.
[Wed Feb  9 02:14:27 2022]
Finished job 13.
1 of 10 steps (10%) done
[Wed Feb  9 02:14:57 2022]
Finished job 14.
2 of 10 steps (20%) done
[Wed Feb  9 02:16:18 2022]
Finished job 15.
3 of 10 steps (30%) done
[Wed Feb  9 02:16:18 2022]
Finished job 12.
4 of 10 steps (40%) done
[Wed Feb  9 03:29:48 2022]
Finished job 20.
5 of 10 steps (50%) done
Select jobs to execute...

[Wed Feb  9 03:29:48 2022]
rule BWA:
    input: results/Trimmomatic_SRR5480119_1_paired.fastq.gz, results/Trimmomatic_SRR5480119_2_paired.fastq.gz, resources/Gmax_275_v2.0.fa
    output: results/BWA_SRR5480119.bam
    jobid: 25
    wildcards: sra_id=SRR5480119
    resources: threads=12

Submitted job 25 with external jobid 'Submitted batch job 24166026'.
[Wed Feb  9 03:34:38 2022]
Finished job 19.
6 of 10 steps (60%) done
Select jobs to execute...

[Wed Feb  9 03:34:38 2022]
rule BWA:
    input: results/Trimmomatic_SRR5479980_1_paired.fastq.gz, results/Trimmomatic_SRR5479980_2_paired.fastq.gz, resources/Gmax_275_v2.0.fa
    output: results/BWA_SRR5479980.bam
    jobid: 24
    wildcards: sra_id=SRR5479980
    resources: threads=12

Submitted job 24 with external jobid 'Submitted batch job 24166027'.
[Wed Feb  9 06:21:52 2022]
Finished job 23.
7 of 10 steps (70%) done
[Wed Feb  9 07:26:27 2022]
Finished job 25.
8 of 10 steps (80%) done
[Wed Feb  9 08:04:01 2022]
Finished job 24.
9 of 10 steps (90%) done
Select jobs to execute...

[Wed Feb  9 08:04:01 2022]
localrule all:
    input: results/SRR2163296_1.fastq.gz, results/SRR2163296_2.fastq.gz, results/SRR2163312_1.fastq.gz, results/SRR2163312_2.fastq.gz, results/SRR2163311_1.fastq.gz, results/SRR2163311_2.fastq.gz, results/SRR5479980_1.fastq.gz, results/SRR5479980_2.fastq.gz, results/SRR5480119_1.fastq.gz, results/SRR5480119_2.fastq.gz, results/fastqc/SRR2163296_1_fastqc.html, results/fastqc/SRR2163296_2_fastqc.html, results/fastqc/SRR2163312_1_fastqc.html, results/fastqc/SRR2163312_2_fastqc.html, results/fastqc/SRR2163311_1_fastqc.html, results/fastqc/SRR2163311_2_fastqc.html, results/fastqc/SRR5479980_1_fastqc.html, results/fastqc/SRR5479980_2_fastqc.html, results/fastqc/SRR5480119_1_fastqc.html, results/fastqc/SRR5480119_2_fastqc.html, results/Trimmomatic_SRR2163296_1_paired.fastq.gz, results/Trimmomatic_SRR2163296_1_unpaired.fastq.gz, results/Trimmomatic_SRR2163296_2_paired.fastq.gz, results/Trimmomatic_SRR2163296_2_unpaired.fastq.gz, results/Trimmomatic_SRR2163312_1_paired.fastq.gz, results/Trimmomatic_SRR2163312_1_unpaired.fastq.gz, results/Trimmomatic_SRR2163312_2_paired.fastq.gz, results/Trimmomatic_SRR2163312_2_unpaired.fastq.gz, results/Trimmomatic_SRR2163311_1_paired.fastq.gz, results/Trimmomatic_SRR2163311_1_unpaired.fastq.gz, results/Trimmomatic_SRR2163311_2_paired.fastq.gz, results/Trimmomatic_SRR2163311_2_unpaired.fastq.gz, results/Trimmomatic_SRR5479980_1_paired.fastq.gz, results/Trimmomatic_SRR5479980_1_unpaired.fastq.gz, results/Trimmomatic_SRR5479980_2_paired.fastq.gz, results/Trimmomatic_SRR5479980_2_unpaired.fastq.gz, results/Trimmomatic_SRR5480119_1_paired.fastq.gz, results/Trimmomatic_SRR5480119_1_unpaired.fastq.gz, results/Trimmomatic_SRR5480119_2_paired.fastq.gz, results/Trimmomatic_SRR5480119_2_unpaired.fastq.gz, results/BWA_SRR2163296.bam, results/BWA_SRR2163312.bam, results/BWA_SRR2163311.bam, results/BWA_SRR5479980.bam, results/BWA_SRR5480119.bam
    jobid: 0

Removing temporary output file results/SRR2163296_1.fastq.gz.
Removing temporary output file results/SRR2163296_2.fastq.gz.
Removing temporary output file results/SRR2163312_2.fastq.gz.
Removing temporary output file results/SRR2163312_1.fastq.gz.
Removing temporary output file results/SRR2163311_1.fastq.gz.
Removing temporary output file results/SRR2163311_2.fastq.gz.
Removing temporary output file results/SRR5479980_2.fastq.gz.
Removing temporary output file results/SRR5479980_1.fastq.gz.
Removing temporary output file results/SRR5480119_2.fastq.gz.
Removing temporary output file results/SRR5480119_1.fastq.gz.
Removing temporary output file results/Trimmomatic_SRR2163296_1_unpaired.fastq.gz.
Removing temporary output file results/Trimmomatic_SRR2163296_1_paired.fastq.gz.
Removing temporary output file results/Trimmomatic_SRR2163296_2_paired.fastq.gz.
Removing temporary output file results/Trimmomatic_SRR2163296_2_unpaired.fastq.gz.
Removing temporary output file results/Trimmomatic_SRR2163312_1_paired.fastq.gz.
Removing temporary output file results/Trimmomatic_SRR2163312_2_unpaired.fastq.gz.
Removing temporary output file results/Trimmomatic_SRR2163312_2_paired.fastq.gz.
Removing temporary output file results/Trimmomatic_SRR2163312_1_unpaired.fastq.gz.
Removing temporary output file results/Trimmomatic_SRR2163311_2_paired.fastq.gz.
Removing temporary output file results/Trimmomatic_SRR2163311_1_unpaired.fastq.gz.
Removing temporary output file results/Trimmomatic_SRR2163311_2_unpaired.fastq.gz.
Removing temporary output file results/Trimmomatic_SRR2163311_1_paired.fastq.gz.
Removing temporary output file results/Trimmomatic_SRR5479980_2_paired.fastq.gz.
Removing temporary output file results/Trimmomatic_SRR5479980_1_unpaired.fastq.gz.
Removing temporary output file results/Trimmomatic_SRR5479980_2_unpaired.fastq.gz.
Removing temporary output file results/Trimmomatic_SRR5479980_1_paired.fastq.gz.
Removing temporary output file results/Trimmomatic_SRR5480119_2_unpaired.fastq.gz.
Removing temporary output file results/Trimmomatic_SRR5480119_1_paired.fastq.gz.
Removing temporary output file results/Trimmomatic_SRR5480119_1_unpaired.fastq.gz.
Removing temporary output file results/Trimmomatic_SRR5480119_2_paired.fastq.gz.
[Wed Feb  9 08:04:01 2022]
Finished job 0.
10 of 10 steps (100%) done
Complete log: /storage/hpc/group/bilyeu/nad7wf/read_preprocessing/.snakemake/log/2022-02-09T020226.481641.snakemake.log
