Building DAG of jobs...
Creating conda environment envs/sra.yml...
Downloading and installing remote packages.
Environment for envs/sra.yml created (location: .snakemake/conda/e80f4ee0)
Using shell: /usr/bin/bash
Provided cluster nodes: 100
Job counts:
	count	jobs
	1	FastqDump
	1	all
	2
Select jobs to execute...

[Wed Jan 19 10:16:03 2022]
rule FastqDump:
    output: results/SRR2163296_pass_1.fastq.gz, results/SRR2163296_pass_2.fastq.gz
    jobid: 1
    wildcards: sra_id=SRR2163296

Submitted job 1 with external jobid 'Submitted batch job 24082591'.
[Wed Jan 19 10:19:53 2022]
Error in rule FastqDump:
    jobid: 1
    output: results/SRR2163296_pass_1.fastq.gz, results/SRR2163296_pass_2.fastq.gz
    conda-env: /storage/hpc/group/bilyeu/nad7wf/read_preprocessing/.snakemake/conda/e80f4ee0
    shell:
        
		fastq-dump 			--gzip 			--origfmt 			--split-files 			--outdir ./results 			--minSpotId 10000 			--maxSpotId 110000
		
        (one of the commands exited with non-zero exit code; note that snakemake uses bash strict mode!)
    cluster_jobid: Submitted batch job 24082591

Error executing rule FastqDump on cluster (jobid: 1, external: Submitted batch job 24082591, jobscript: /storage/hpc/group/bilyeu/nad7wf/read_preprocessing/.snakemake/tmp.trvd9cmo/snakejob.FastqDump.1.sh). For error details see the cluster log and the log files of the involved rule(s).
Shutting down, this might take some time.
Exiting because a job execution failed. Look above for error message
Complete log: /storage/hpc/group/bilyeu/nad7wf/read_preprocessing/.snakemake/log/2022-01-19T100958.213819.snakemake.log
