Building DAG of jobs...
Using shell: /usr/bin/bash
Provided cluster nodes: 100
Job counts:
	count	jobs
	1	SamtoolsSort
	1	all
	2
Select jobs to execute...

[Wed Feb  2 18:46:07 2022]
rule SamtoolsSort:
    input: results/BWA_SRR2163296.bam, resources/Gmax_275_v2.0.fa
    output: results/SamtoolsSort_SRR2163296.bam, results/samtools/BWA_SRR2163296
    jobid: 6
    wildcards: sra_id=SRR2163296
    resources: threads=10

RuleException in line 1 of /storage/hpc/group/bilyeu/nad7wf/read_preprocessing/rules/SamtoolsSort.smk:
'Params' object has no attribute 'out_tmp_dir'
  File "/cluster/software/conda-envs/envs/snakemake-5.3.0/lib/python3.6/site-packages/snakemake/executors/__init__.py", line 135, in run_jobs
  File "/cluster/software/conda-envs/envs/snakemake-5.3.0/lib/python3.6/site-packages/snakemake/executors/__init__.py", line 922, in run
  File "/cluster/software/conda-envs/envs/snakemake-5.3.0/lib/python3.6/site-packages/snakemake/executors/__init__.py", line 713, in _run
  File "/cluster/software/conda-envs/envs/snakemake-5.3.0/lib/python3.6/site-packages/snakemake/executors/__init__.py", line 225, in _run
  File "/cluster/software/conda-envs/envs/snakemake-5.3.0/lib/python3.6/site-packages/snakemake/executors/__init__.py", line 151, in _run
  File "/cluster/software/conda-envs/envs/snakemake-5.3.0/lib/python3.6/site-packages/snakemake/executors/__init__.py", line 157, in printjob
